********************************************************************************
DUPLICATOR-LITE PACKAGE-LOG: 18 בMay 2022 9:19
NOTICE: Do NOT post to public sites or forums 
********************************************************************************
VERSION:	1.4.5
WORDPRESS:	5.9.3
PHP INFO:	7.4.6 | SAPI: apache2handler
SERVER:		Apache/2.4.43 (Win64) OpenSSL/1.1.1g PHP/7.4.6 
PHP TIME LIMIT: (0) no time limit imposed 
PHP MAX MEMORY: 4294967296 (512M default) 
MEMORY STACK: 8MB

********************************************************************************
DATABASE:
********************************************************************************
BUILD MODE:   MYSQLDUMP
MYSQLTIMEOUT: 5000
MYSQLDUMP:    Is Supported
SQL CREATED: 20220518_ayeilat_ffaa8424847de4a66239_20220518091849_database.sql
SQL FILE SIZE: 780.79KB (799526)
SQL FILE TIME: 2022-05-18 09:19:08
SQL RUNTIME: 2.64 sec.

********************************************************************************
ARCHIVE (ZIP):
********************************************************************************
ARCHIVE DIR:  C:/xampp/htdocs/amos-wp
ARCHIVE FILE: 20220518_ayeilat_ffaa8424847de4a66239_20220518091849_archive.zip
FILTERS: *OFF*
DIRS:
	not set
FILES:
	not set
EXTS:  not set
----------------------------------------
COMPRESSING
SIZE:	90.1MB
STATS:	Dirs 410 | Files 3,774
SQL ADDED: 20220518_ayeilat_ffaa8424847de4a66239_20220518091849_database.sql
ZipArchive Object
(
    [status] => 0
    [statusSys] => 0
    [numFiles] => 4184
    [filename] => C:\xampp\htdocs\amos-wp\wp-content\backups-dup-lite\tmp\20220518_ayeilat_ffaa8424847de4a66239_20220518091849_archive.zip
    [comment] => 
)

FILE ADDED TO ZIP: 4183
COMPRESSION RESULT: '1'
COMPRESSED SIZE: 34.16MB
ARCHIVE RUNTIME: 45.13 sec.
MEMORY STACK: 8MB
building installer
add_extra_files1
add_extra_files2
add_extra_files3
add_extra_files4
Doing archive file check
add_extra_files5
add_extra_files6
add_extra_files8
Successfully opened zip C:/xampp/htdocs/amos-wp/wp-content/backups-dup-lite/tmp/20220518_ayeilat_ffaa8424847de4a66239_20220518091849_archive.zip
Adding enhanced installer files to archive using ZipArchive
Installer files added to archive
Added to archive
After ziparchive close when adding installer

********************************************************************************
INTEGRITY CHECKS:
********************************************************************************
SQL FILE: 780.79KB
INSTALLER FILE: 64.59KB
ARCHIVE FILE: 35.17MB 
EXPECTED FILE/DIRECTORY COUNT: 4,184
ACTUAL FILE/DIRECTORY COUNT: 4,183
ARCHIVE CONSISTENCY TEST: Pass

********************************************************************************
RECORD ID:[1]
TOTAL PROCESS RUNTIME: 48.69 sec.
PEAK PHP MEMORY USED: 8MB
DONE PROCESSING => 20220518_ayeilat 18 בMay 2022 9:19

